2025-12-24 23:23:39 - cleanup_old_files - INFO - 开始清理 7 天前修改的文件...
2025-12-24 23:23:39 - cleanup_old_files - INFO - 截止时间: 2025-12-17 23:23:39
2025-12-24 23:23:39 - cleanup_old_files - INFO - 删除超过指定天数的文件...
2025-12-24 23:23:39 - cleanup_old_files - INFO - 
2025-12-24 23:23:39 - cleanup_old_files - INFO - 删除超过指定天数且为空的文件夹...
2025-12-24 23:23:39 - cleanup_old_files - INFO - 
2025-12-24 23:23:39 - cleanup_old_files - INFO - --------------------------------------------------
2025-12-24 23:23:39 - cleanup_old_files - INFO - 清理完成
2025-12-24 23:23:39 - cleanup_old_files - INFO - 删除文件数: 0
2025-12-24 23:23:39 - cleanup_old_files - INFO - 删除文件夹数: 0
2025-12-24 23:23:39 - cleanup_old_files - INFO - --------------------------------------------------
2025-12-24 23:37:16 - cleanup_old_files - INFO - 开始清理 0 天前修改的文件...
2025-12-24 23:37:16 - cleanup_old_files - INFO - 截止时间: 2025-12-24 23:37:16
2025-12-24 23:37:16 - cleanup_old_files - INFO - 删除超过指定天数的文件...
2025-12-24 23:37:16 - cleanup_old_files - INFO - 删除文件: 1\CentOS-7-x86_64-Minimal-1810.iso
2025-12-24 23:37:16 - cleanup_old_files - INFO - 
2025-12-24 23:37:16 - cleanup_old_files - INFO - 删除超过指定天数且为空的文件夹...
2025-12-24 23:37:16 - cleanup_old_files - INFO - 
2025-12-24 23:37:16 - cleanup_old_files - INFO - --------------------------------------------------
2025-12-24 23:37:16 - cleanup_old_files - INFO - 清理完成
2025-12-24 23:37:16 - cleanup_old_files - INFO - 删除文件数: 1
2025-12-24 23:37:16 - cleanup_old_files - INFO - 删除文件夹数: 0
2025-12-24 23:37:16 - cleanup_old_files - INFO - --------------------------------------------------
2025-12-24 23:38:53 - cleanup_old_files - INFO - 开始清理 0 天前修改的文件...
2025-12-24 23:38:53 - cleanup_old_files - INFO - 截止时间: 2025-12-24 23:38:53
2025-12-24 23:38:53 - cleanup_old_files - INFO - 删除超过0天的文件...
2025-12-24 23:38:53 - cleanup_old_files - INFO - 
2025-12-24 23:38:53 - cleanup_old_files - INFO - 删除超过0天且为空的文件夹...
2025-12-24 23:38:53 - cleanup_old_files - INFO - 删除空文件夹: 1
2025-12-24 23:38:53 - cleanup_old_files - INFO - 
2025-12-24 23:38:53 - cleanup_old_files - INFO - --------------------------------------------------
2025-12-24 23:38:53 - cleanup_old_files - INFO - 清理完成
2025-12-24 23:38:53 - cleanup_old_files - INFO - 删除文件数: 0
2025-12-24 23:38:53 - cleanup_old_files - INFO - 删除文件夹数: 1
2025-12-24 23:38:53 - cleanup_old_files - INFO - --------------------------------------------------
2025-12-24 23:39:19 - cleanup_old_files - INFO - 开始清理 7 天前修改的文件...
2025-12-24 23:39:19 - cleanup_old_files - INFO - 截止时间: 2025-12-17 23:39:19
2025-12-24 23:39:19 - cleanup_old_files - INFO - 删除超过7天的文件...
2025-12-24 23:39:19 - cleanup_old_files - INFO - 
2025-12-24 23:39:19 - cleanup_old_files - INFO - 删除超过7天且为空的文件夹...
2025-12-24 23:39:19 - cleanup_old_files - INFO - 
2025-12-24 23:39:19 - cleanup_old_files - INFO - --------------------------------------------------
2025-12-24 23:39:19 - cleanup_old_files - INFO - 清理完成
2025-12-24 23:39:19 - cleanup_old_files - INFO - 删除文件数: 0
2025-12-24 23:39:19 - cleanup_old_files - INFO - 删除文件夹数: 0
2025-12-24 23:39:19 - cleanup_old_files - INFO - --------------------------------------------------
